<?xml version="1.0" encoding="UTF-8"?>
<testsuite xmlns:xsi="http://www.w3.org/2001/XMLSchema-instance" xsi:noNamespaceSchemaLocation="https://maven.apache.org/surefire/maven-surefire-plugin/xsd/surefire-test-report-3.0.xsd" version="3.0" name="runners.TestRunner" time="12.546" tests="1" errors="0" skipped="0" failures="0">
  <properties>
[...]
</properties>
  <testcase name="Valid user login test" classname="Login tests" time="10.279">
    <system-out><![CDATA[Test Run started on: Sat Nov 25 18:53:42 PST 2023
Test Suite Started: runners.TestRunner
Test Suite Started: Login tests

Execution Started: Valid user login test

@smoke @test123
Scenario: Valid user login test                       # src/test/resources/features/login.feature:5
  When user logs in with valid admin credentials      # steps.SearchEmployeeSteps.user_logs_in_with_valid_admin_credentials()
  Then welcome message is displayed in dashboard page # steps.LoginSteps.welcome_message_is_displayed_in_dashboard_page()
]]></system-out>
  </testcase>
</testsuite>